2019-08-18 08:33:50.894 [main] INFO  o.s.c.s.PostProcessorRegistrationDelegate$BeanPostProcessorChecker
				-Bean 'org.springframework.cloud.autoconfigure.ConfigurationPropertiesRebinderAutoConfiguration' of type [org.springframework.cloud.autoconfigure.ConfigurationPropertiesRebinderAutoConfiguration$$EnhancerBySpringCGLIB$$ba55de0b] is not eligible for getting processed by all BeanPostProcessors (for example: not eligible for auto-proxying)
2019-08-18 08:33:51.123 [main] INFO  c.r.c.CloverAuthServiceApplication
				-No active profile set, falling back to default profiles: default
2019-08-18 08:33:51.670 [main] WARN  o.s.boot.actuate.endpoint.EndpointId
				-Endpoint ID 'service-registry' contains invalid characters, please migrate to a valid format.
2019-08-18 08:33:51.810 [main] INFO  o.s.cloud.context.scope.GenericScope
				-BeanFactory id=f4589a41-066b-32c8-a25f-ec97ded2a477
2019-08-18 08:33:51.888 [main] INFO  o.s.c.s.PostProcessorRegistrationDelegate$BeanPostProcessorChecker
				-Bean 'org.springframework.cloud.autoconfigure.ConfigurationPropertiesRebinderAutoConfiguration' of type [org.springframework.cloud.autoconfigure.ConfigurationPropertiesRebinderAutoConfiguration$$EnhancerBySpringCGLIB$$ba55de0b] is not eligible for getting processed by all BeanPostProcessors (for example: not eligible for auto-proxying)
2019-08-18 08:33:52.248 [main] INFO  o.s.b.w.e.tomcat.TomcatWebServer
				-Tomcat initialized with port(s): 7777 (http)
2019-08-18 08:33:52.251 [main] INFO  o.a.coyote.http11.Http11NioProtocol
				-Initializing ProtocolHandler ["http-nio-7777"]
2019-08-18 08:33:52.251 [main] INFO  o.a.catalina.core.StandardService
				-Starting service [Tomcat]
2019-08-18 08:33:52.251 [main] INFO  o.a.catalina.core.StandardEngine
				-Starting Servlet engine: [Apache Tomcat/9.0.22]
2019-08-18 08:33:52.376 [main] INFO  o.a.c.c.C.[.[localhost].[/uaa]
				-Initializing Spring embedded WebApplicationContext
2019-08-18 08:33:52.376 [main] INFO  o.s.web.context.ContextLoader
				-Root WebApplicationContext: initialization completed in 1253 ms
2019-08-18 08:33:52.455 [main] WARN  c.n.c.sources.URLConfigurationSource
				-No URLs will be polled as dynamic configuration sources.
2019-08-18 08:33:52.455 [main] INFO  c.n.c.sources.URLConfigurationSource
				-To enable URLs as dynamic configuration sources, define System property archaius.configurationSource.additionalUrls or make config.properties available on classpath.
2019-08-18 08:33:52.470 [main] INFO  c.n.config.DynamicPropertyFactory
				-DynamicPropertyFactory is initialized with configuration sources: com.netflix.config.ConcurrentCompositeConfiguration@26c89563
2019-08-18 08:33:53.017 [main] WARN  o.s.s.o.p.t.s.JwtAccessTokenConverter
				-Unable to create an RSA verifier from verifierKey (ignoreable if using MAC)
2019-08-18 08:33:53.079 [main] WARN  c.n.c.sources.URLConfigurationSource
				-No URLs will be polled as dynamic configuration sources.
2019-08-18 08:33:53.079 [main] INFO  c.n.c.sources.URLConfigurationSource
				-To enable URLs as dynamic configuration sources, define System property archaius.configurationSource.additionalUrls or make config.properties available on classpath.
2019-08-18 08:33:53.189 [main] INFO  o.s.s.c.ThreadPoolTaskExecutor
				-Initializing ExecutorService 'applicationTaskExecutor'
2019-08-18 08:33:53.595 [main] INFO  o.s.s.web.DefaultSecurityFilterChain
				-Creating filter chain: OrRequestMatcher [requestMatchers=[Ant [pattern='/oauth/token'], Ant [pattern='/oauth/token_key'], Ant [pattern='/oauth/check_token']]], [org.springframework.security.web.context.request.async.WebAsyncManagerIntegrationFilter@5f08fe00, org.springframework.security.web.context.SecurityContextPersistenceFilter@6097fca9, org.springframework.security.web.header.HeaderWriterFilter@5b8572df, org.springframework.security.web.authentication.logout.LogoutFilter@2f054f70, org.springframework.security.web.authentication.www.BasicAuthenticationFilter@677ce519, org.springframework.security.web.savedrequest.RequestCacheAwareFilter@5729b410, org.springframework.security.web.servletapi.SecurityContextHolderAwareRequestFilter@38588dea, org.springframework.security.web.authentication.AnonymousAuthenticationFilter@a1691c0, org.springframework.security.web.session.SessionManagementFilter@eed890d, org.springframework.security.web.access.ExceptionTranslationFilter@794eeaf8, org.springframework.security.web.access.intercept.FilterSecurityInterceptor@592ca48c]
2019-08-18 08:33:53.598 [main] INFO  o.s.s.web.DefaultSecurityFilterChain
				-Creating filter chain: any request, [org.springframework.security.web.context.request.async.WebAsyncManagerIntegrationFilter@5e50df2e, org.springframework.security.web.context.SecurityContextPersistenceFilter@6637a365, org.springframework.security.web.header.HeaderWriterFilter@1213ffbc, org.springframework.security.web.csrf.CsrfFilter@261b9a37, org.springframework.security.web.authentication.logout.LogoutFilter@35787726, org.springframework.security.web.authentication.UsernamePasswordAuthenticationFilter@3375ebd3, org.springframework.security.web.authentication.ui.DefaultLoginPageGeneratingFilter@6e8fdd19, org.springframework.security.web.authentication.ui.DefaultLogoutPageGeneratingFilter@100aa331, org.springframework.security.web.authentication.www.BasicAuthenticationFilter@42679fc2, org.springframework.security.web.savedrequest.RequestCacheAwareFilter@1310fcb0, org.springframework.security.web.servletapi.SecurityContextHolderAwareRequestFilter@1ef31f71, org.springframework.security.web.authentication.AnonymousAuthenticationFilter@c2cf597, org.springframework.security.web.session.SessionManagementFilter@68a305eb, org.springframework.security.web.access.ExceptionTranslationFilter@55e1192, org.springframework.security.web.access.intercept.FilterSecurityInterceptor@415795f3]
2019-08-18 08:33:53.645 [main] INFO  o.s.b.a.e.web.EndpointLinksResolver
				-Exposing 2 endpoint(s) beneath base path '/actuator'
2019-08-18 08:33:53.942 [main] INFO  o.s.c.n.eureka.InstanceInfoFactory
				-Setting initial instance status as: STARTING
2019-08-18 08:33:53.973 [main] INFO  c.netflix.discovery.DiscoveryClient
				-Initializing Eureka in region us-east-1
2019-08-18 08:33:54.223 [main] INFO  c.n.d.p.DiscoveryJerseyProvider
				-Using JSON encoding codec LegacyJacksonJson
2019-08-18 08:33:54.223 [main] INFO  c.n.d.p.DiscoveryJerseyProvider
				-Using JSON decoding codec LegacyJacksonJson
2019-08-18 08:33:54.332 [main] INFO  c.n.d.p.DiscoveryJerseyProvider
				-Using XML encoding codec XStreamXml
2019-08-18 08:33:54.332 [main] INFO  c.n.d.p.DiscoveryJerseyProvider
				-Using XML decoding codec XStreamXml
2019-08-18 08:33:54.442 [main] INFO  c.n.d.s.r.aws.ConfigClusterResolver
				-Resolving eureka endpoints via configuration
2019-08-18 08:33:54.567 [main] INFO  c.netflix.discovery.DiscoveryClient
				-Disable delta property : false
2019-08-18 08:33:54.567 [main] INFO  c.netflix.discovery.DiscoveryClient
				-Single vip registry refresh property : null
2019-08-18 08:33:54.567 [main] INFO  c.netflix.discovery.DiscoveryClient
				-Force full registry fetch : false
2019-08-18 08:33:54.567 [main] INFO  c.netflix.discovery.DiscoveryClient
				-Application is null : false
2019-08-18 08:33:54.567 [main] INFO  c.netflix.discovery.DiscoveryClient
				-Registered Applications size is zero : true
2019-08-18 08:33:54.567 [main] INFO  c.netflix.discovery.DiscoveryClient
				-Application version is -1: true
2019-08-18 08:33:54.567 [main] INFO  c.netflix.discovery.DiscoveryClient
				-Getting all instance registry info from the eureka server
2019-08-18 08:33:54.770 [main] INFO  c.netflix.discovery.DiscoveryClient
				-The response status is 200
2019-08-18 08:33:54.782 [main] INFO  c.netflix.discovery.DiscoveryClient
				-Starting heartbeat executor: renew interval is: 30
2019-08-18 08:33:54.783 [main] INFO  c.n.discovery.InstanceInfoReplicator
				-InstanceInfoReplicator onDemand update allowed rate per min is 4
2019-08-18 08:33:54.783 [main] INFO  c.netflix.discovery.DiscoveryClient
				-Discovery Client initialized at timestamp 1566088434783 with initial instances count: 1
2019-08-18 08:33:54.783 [main] INFO  o.s.c.n.e.s.EurekaServiceRegistry
				-Registering application AUTH-SERVER with eureka with status UP
2019-08-18 08:33:54.783 [main] INFO  c.netflix.discovery.DiscoveryClient
				-Saw local status change event StatusChangeEvent [timestamp=1566088434783, current=UP, previous=STARTING]
2019-08-18 08:33:54.783 [DiscoveryClient-InstanceInfoReplicator-0] INFO  c.netflix.discovery.DiscoveryClient
				-DiscoveryClient_AUTH-SERVER/192.168.56.1:auth-server:7777: registering service...
2019-08-18 08:33:54.798 [main] INFO  o.a.coyote.http11.Http11NioProtocol
				-Starting ProtocolHandler ["http-nio-7777"]
2019-08-18 08:33:54.814 [DiscoveryClient-InstanceInfoReplicator-0] INFO  c.netflix.discovery.DiscoveryClient
				-DiscoveryClient_AUTH-SERVER/192.168.56.1:auth-server:7777 - registration status: 204
2019-08-18 08:33:54.814 [main] INFO  o.s.b.w.e.tomcat.TomcatWebServer
				-Tomcat started on port(s): 7777 (http) with context path '/uaa'
2019-08-18 08:33:54.814 [main] INFO  o.s.c.n.e.s.EurekaAutoServiceRegistration
				-Updating port to 7777
2019-08-18 08:33:54.814 [main] INFO  c.r.c.CloverAuthServiceApplication
				-Started CloverAuthServiceApplication in 4.56 seconds (JVM running for 4.988)
2019-08-18 08:38:54.584 [AsyncResolver-bootstrap-executor-0] INFO  c.n.d.s.r.aws.ConfigClusterResolver
				-Resolving eureka endpoints via configuration
2019-08-18 08:43:54.586 [AsyncResolver-bootstrap-executor-0] INFO  c.n.d.s.r.aws.ConfigClusterResolver
				-Resolving eureka endpoints via configuration
2019-08-18 08:44:22.974 [http-nio-7777-exec-1] INFO  o.a.c.c.C.[.[localhost].[/uaa]
				-Initializing Spring DispatcherServlet 'dispatcherServlet'
2019-08-18 08:44:22.974 [http-nio-7777-exec-1] INFO  o.s.web.servlet.DispatcherServlet
				-Initializing Servlet 'dispatcherServlet'
2019-08-18 08:44:22.990 [http-nio-7777-exec-1] INFO  o.s.web.servlet.DispatcherServlet
				-Completed initialization in 1 ms
2019-08-18 08:48:54.594 [AsyncResolver-bootstrap-executor-0] INFO  c.n.d.s.r.aws.ConfigClusterResolver
				-Resolving eureka endpoints via configuration
2019-08-18 08:53:54.609 [AsyncResolver-bootstrap-executor-0] INFO  c.n.d.s.r.aws.ConfigClusterResolver
				-Resolving eureka endpoints via configuration
2019-08-18 08:58:54.612 [AsyncResolver-bootstrap-executor-0] INFO  c.n.d.s.r.aws.ConfigClusterResolver
				-Resolving eureka endpoints via configuration
2019-08-18 09:03:06.144 [http-nio-7777-exec-5] INFO  o.s.s.o.p.e.AuthorizationEndpoint
				-Handling OAuth2 error: error="invalid_request", error_description="At least one redirect_uri must be registered with the client."
2019-08-18 09:03:35.489 [http-nio-7777-exec-3] INFO  o.s.s.o.p.e.AuthorizationEndpoint
				-Handling OAuth2 error: error="invalid_request", error_description="At least one redirect_uri must be registered with the client."
2019-08-18 09:03:54.625 [AsyncResolver-bootstrap-executor-0] INFO  c.n.d.s.r.aws.ConfigClusterResolver
				-Resolving eureka endpoints via configuration
2019-08-18 09:06:41.052 [main] INFO  o.s.c.s.PostProcessorRegistrationDelegate$BeanPostProcessorChecker
				-Bean 'org.springframework.cloud.autoconfigure.ConfigurationPropertiesRebinderAutoConfiguration' of type [org.springframework.cloud.autoconfigure.ConfigurationPropertiesRebinderAutoConfiguration$$EnhancerBySpringCGLIB$$2a012639] is not eligible for getting processed by all BeanPostProcessors (for example: not eligible for auto-proxying)
2019-08-18 09:06:41.278 [main] INFO  c.r.c.CloverAuthServiceApplication
				-No active profile set, falling back to default profiles: default
2019-08-18 09:06:41.794 [main] WARN  o.s.boot.actuate.endpoint.EndpointId
				-Endpoint ID 'service-registry' contains invalid characters, please migrate to a valid format.
2019-08-18 09:06:41.965 [main] INFO  o.s.cloud.context.scope.GenericScope
				-BeanFactory id=f4589a41-066b-32c8-a25f-ec97ded2a477
2019-08-18 09:06:42.044 [main] INFO  o.s.c.s.PostProcessorRegistrationDelegate$BeanPostProcessorChecker
				-Bean 'org.springframework.cloud.autoconfigure.ConfigurationPropertiesRebinderAutoConfiguration' of type [org.springframework.cloud.autoconfigure.ConfigurationPropertiesRebinderAutoConfiguration$$EnhancerBySpringCGLIB$$2a012639] is not eligible for getting processed by all BeanPostProcessors (for example: not eligible for auto-proxying)
2019-08-18 09:06:42.403 [main] INFO  o.s.b.w.e.tomcat.TomcatWebServer
				-Tomcat initialized with port(s): 7777 (http)
2019-08-18 09:06:42.420 [main] INFO  o.a.coyote.http11.Http11NioProtocol
				-Initializing ProtocolHandler ["http-nio-7777"]
2019-08-18 09:06:42.435 [main] INFO  o.a.catalina.core.StandardService
				-Starting service [Tomcat]
2019-08-18 09:06:42.435 [main] INFO  o.a.catalina.core.StandardEngine
				-Starting Servlet engine: [Apache Tomcat/9.0.22]
2019-08-18 09:06:42.560 [main] INFO  o.a.c.c.C.[.[localhost].[/uaa]
				-Initializing Spring embedded WebApplicationContext
2019-08-18 09:06:42.560 [main] INFO  o.s.web.context.ContextLoader
				-Root WebApplicationContext: initialization completed in 1282 ms
2019-08-18 09:06:42.638 [main] WARN  c.n.c.sources.URLConfigurationSource
				-No URLs will be polled as dynamic configuration sources.
2019-08-18 09:06:42.638 [main] INFO  c.n.c.sources.URLConfigurationSource
				-To enable URLs as dynamic configuration sources, define System property archaius.configurationSource.additionalUrls or make config.properties available on classpath.
2019-08-18 09:06:42.654 [main] INFO  c.n.config.DynamicPropertyFactory
				-DynamicPropertyFactory is initialized with configuration sources: com.netflix.config.ConcurrentCompositeConfiguration@1dbd580
2019-08-18 09:06:43.201 [main] WARN  o.s.s.o.p.t.s.JwtAccessTokenConverter
				-Unable to create an RSA verifier from verifierKey (ignoreable if using MAC)
2019-08-18 09:06:43.263 [main] WARN  c.n.c.sources.URLConfigurationSource
				-No URLs will be polled as dynamic configuration sources.
2019-08-18 09:06:43.263 [main] INFO  c.n.c.sources.URLConfigurationSource
				-To enable URLs as dynamic configuration sources, define System property archaius.configurationSource.additionalUrls or make config.properties available on classpath.
2019-08-18 09:06:43.373 [main] INFO  o.s.s.c.ThreadPoolTaskExecutor
				-Initializing ExecutorService 'applicationTaskExecutor'
2019-08-18 09:06:43.748 [main] INFO  o.s.s.web.DefaultSecurityFilterChain
				-Creating filter chain: OrRequestMatcher [requestMatchers=[Ant [pattern='/oauth/token'], Ant [pattern='/oauth/token_key'], Ant [pattern='/oauth/check_token']]], [org.springframework.security.web.context.request.async.WebAsyncManagerIntegrationFilter@44f0ff2b, org.springframework.security.web.context.SecurityContextPersistenceFilter@592ca48c, org.springframework.security.web.header.HeaderWriterFilter@2415e4c7, org.springframework.security.web.authentication.logout.LogoutFilter@1a21f43f, org.springframework.security.web.authentication.www.BasicAuthenticationFilter@4b55ff0a, org.springframework.security.web.savedrequest.RequestCacheAwareFilter@3fdcde7a, org.springframework.security.web.servletapi.SecurityContextHolderAwareRequestFilter@7cfb0c4c, org.springframework.security.web.authentication.AnonymousAuthenticationFilter@22ead351, org.springframework.security.web.session.SessionManagementFilter@373afd6c, org.springframework.security.web.access.ExceptionTranslationFilter@3daf03d8, org.springframework.security.web.access.intercept.FilterSecurityInterceptor@39549f33]
2019-08-18 09:06:43.753 [main] INFO  o.s.s.web.DefaultSecurityFilterChain
				-Creating filter chain: any request, [org.springframework.security.web.context.request.async.WebAsyncManagerIntegrationFilter@2744dcae, org.springframework.security.web.context.SecurityContextPersistenceFilter@217235f5, org.springframework.security.web.header.HeaderWriterFilter@6b8d54da, org.springframework.security.web.csrf.CsrfFilter@626e0c86, org.springframework.security.web.authentication.logout.LogoutFilter@28393e82, org.springframework.security.web.authentication.UsernamePasswordAuthenticationFilter@5234b61a, org.springframework.security.web.authentication.ui.DefaultLoginPageGeneratingFilter@18d47df0, org.springframework.security.web.authentication.ui.DefaultLogoutPageGeneratingFilter@16d0e521, org.springframework.security.web.authentication.www.BasicAuthenticationFilter@50b734c4, org.springframework.security.web.savedrequest.RequestCacheAwareFilter@4b41587d, org.springframework.security.web.servletapi.SecurityContextHolderAwareRequestFilter@4aebee4b, org.springframework.security.web.authentication.AnonymousAuthenticationFilter@634ca3e7, org.springframework.security.web.session.SessionManagementFilter@79957f11, org.springframework.security.web.access.ExceptionTranslationFilter@2dd1086, org.springframework.security.web.access.intercept.FilterSecurityInterceptor@265a094b]
2019-08-18 09:06:43.800 [main] INFO  o.s.b.a.e.web.EndpointLinksResolver
				-Exposing 2 endpoint(s) beneath base path '/actuator'
2019-08-18 09:06:44.081 [main] INFO  o.s.c.n.eureka.InstanceInfoFactory
				-Setting initial instance status as: STARTING
2019-08-18 09:06:44.113 [main] INFO  c.netflix.discovery.DiscoveryClient
				-Initializing Eureka in region us-east-1
2019-08-18 09:06:44.363 [main] INFO  c.n.d.p.DiscoveryJerseyProvider
				-Using JSON encoding codec LegacyJacksonJson
2019-08-18 09:06:44.363 [main] INFO  c.n.d.p.DiscoveryJerseyProvider
				-Using JSON decoding codec LegacyJacksonJson
2019-08-18 09:06:44.456 [main] INFO  c.n.d.p.DiscoveryJerseyProvider
				-Using XML encoding codec XStreamXml
2019-08-18 09:06:44.456 [main] INFO  c.n.d.p.DiscoveryJerseyProvider
				-Using XML decoding codec XStreamXml
2019-08-18 09:06:44.581 [main] INFO  c.n.d.s.r.aws.ConfigClusterResolver
				-Resolving eureka endpoints via configuration
2019-08-18 09:06:44.691 [main] INFO  c.netflix.discovery.DiscoveryClient
				-Disable delta property : false
2019-08-18 09:06:44.691 [main] INFO  c.netflix.discovery.DiscoveryClient
				-Single vip registry refresh property : null
2019-08-18 09:06:44.691 [main] INFO  c.netflix.discovery.DiscoveryClient
				-Force full registry fetch : false
2019-08-18 09:06:44.691 [main] INFO  c.netflix.discovery.DiscoveryClient
				-Application is null : false
2019-08-18 09:06:44.691 [main] INFO  c.netflix.discovery.DiscoveryClient
				-Registered Applications size is zero : true
2019-08-18 09:06:44.691 [main] INFO  c.netflix.discovery.DiscoveryClient
				-Application version is -1: true
2019-08-18 09:06:44.691 [main] INFO  c.netflix.discovery.DiscoveryClient
				-Getting all instance registry info from the eureka server
2019-08-18 09:06:44.894 [main] INFO  c.netflix.discovery.DiscoveryClient
				-The response status is 200
2019-08-18 09:06:44.911 [main] INFO  c.netflix.discovery.DiscoveryClient
				-Starting heartbeat executor: renew interval is: 30
2019-08-18 09:06:44.911 [main] INFO  c.n.discovery.InstanceInfoReplicator
				-InstanceInfoReplicator onDemand update allowed rate per min is 4
2019-08-18 09:06:44.911 [main] INFO  c.netflix.discovery.DiscoveryClient
				-Discovery Client initialized at timestamp 1566090404911 with initial instances count: 4
2019-08-18 09:06:44.911 [main] INFO  o.s.c.n.e.s.EurekaServiceRegistry
				-Registering application AUTH-SERVER with eureka with status UP
2019-08-18 09:06:44.911 [main] INFO  c.netflix.discovery.DiscoveryClient
				-Saw local status change event StatusChangeEvent [timestamp=1566090404911, current=UP, previous=STARTING]
2019-08-18 09:06:44.911 [DiscoveryClient-InstanceInfoReplicator-0] INFO  c.netflix.discovery.DiscoveryClient
				-DiscoveryClient_AUTH-SERVER/192.168.56.1:auth-server:7777: registering service...
2019-08-18 09:06:44.926 [main] INFO  o.a.coyote.http11.Http11NioProtocol
				-Starting ProtocolHandler ["http-nio-7777"]
2019-08-18 09:06:44.942 [DiscoveryClient-InstanceInfoReplicator-0] INFO  c.netflix.discovery.DiscoveryClient
				-DiscoveryClient_AUTH-SERVER/192.168.56.1:auth-server:7777 - registration status: 204
2019-08-18 09:06:44.942 [main] INFO  o.s.b.w.e.tomcat.TomcatWebServer
				-Tomcat started on port(s): 7777 (http) with context path '/uaa'
2019-08-18 09:06:44.942 [main] INFO  o.s.c.n.e.s.EurekaAutoServiceRegistration
				-Updating port to 7777
2019-08-18 09:06:44.942 [main] INFO  c.r.c.CloverAuthServiceApplication
				-Started CloverAuthServiceApplication in 4.546 seconds (JVM running for 4.974)
2019-08-18 09:07:08.226 [http-nio-7777-exec-1] INFO  o.a.c.c.C.[.[localhost].[/uaa]
				-Initializing Spring DispatcherServlet 'dispatcherServlet'
2019-08-18 09:07:08.241 [http-nio-7777-exec-1] INFO  o.s.web.servlet.DispatcherServlet
				-Initializing Servlet 'dispatcherServlet'
2019-08-18 09:07:08.242 [http-nio-7777-exec-1] INFO  o.s.web.servlet.DispatcherServlet
				-Completed initialization in 1 ms
2019-08-18 09:07:46.614 [http-nio-7777-exec-7] INFO  o.s.s.o.p.e.AuthorizationEndpoint
				-Handling ClientRegistrationException error: No client with requested id: zuul_server
2019-08-18 09:07:56.979 [http-nio-7777-exec-2] INFO  o.s.s.o.p.e.AuthorizationEndpoint
				-Handling ClientRegistrationException error: No client with requested id: zuul_server
2019-08-18 09:11:41.097 [main] INFO  o.s.c.s.PostProcessorRegistrationDelegate$BeanPostProcessorChecker
				-Bean 'org.springframework.cloud.autoconfigure.ConfigurationPropertiesRebinderAutoConfiguration' of type [org.springframework.cloud.autoconfigure.ConfigurationPropertiesRebinderAutoConfiguration$$EnhancerBySpringCGLIB$$67f136f3] is not eligible for getting processed by all BeanPostProcessors (for example: not eligible for auto-proxying)
2019-08-18 09:11:41.342 [main] INFO  c.r.c.CloverAuthServiceApplication
				-No active profile set, falling back to default profiles: default
2019-08-18 09:11:41.904 [main] WARN  o.s.boot.actuate.endpoint.EndpointId
				-Endpoint ID 'service-registry' contains invalid characters, please migrate to a valid format.
2019-08-18 09:11:42.091 [main] INFO  o.s.cloud.context.scope.GenericScope
				-BeanFactory id=f4589a41-066b-32c8-a25f-ec97ded2a477
2019-08-18 09:11:42.186 [main] INFO  o.s.c.s.PostProcessorRegistrationDelegate$BeanPostProcessorChecker
				-Bean 'org.springframework.cloud.autoconfigure.ConfigurationPropertiesRebinderAutoConfiguration' of type [org.springframework.cloud.autoconfigure.ConfigurationPropertiesRebinderAutoConfiguration$$EnhancerBySpringCGLIB$$67f136f3] is not eligible for getting processed by all BeanPostProcessors (for example: not eligible for auto-proxying)
2019-08-18 09:11:42.550 [main] INFO  o.s.b.w.e.tomcat.TomcatWebServer
				-Tomcat initialized with port(s): 7777 (http)
2019-08-18 09:11:42.566 [main] INFO  o.a.coyote.http11.Http11NioProtocol
				-Initializing ProtocolHandler ["http-nio-7777"]
2019-08-18 09:11:42.566 [main] INFO  o.a.catalina.core.StandardService
				-Starting service [Tomcat]
2019-08-18 09:11:42.566 [main] INFO  o.a.catalina.core.StandardEngine
				-Starting Servlet engine: [Apache Tomcat/9.0.22]
2019-08-18 09:11:42.691 [main] INFO  o.a.c.c.C.[.[localhost].[/uaa]
				-Initializing Spring embedded WebApplicationContext
2019-08-18 09:11:42.691 [main] INFO  o.s.web.context.ContextLoader
				-Root WebApplicationContext: initialization completed in 1349 ms
2019-08-18 09:11:42.769 [main] WARN  c.n.c.sources.URLConfigurationSource
				-No URLs will be polled as dynamic configuration sources.
2019-08-18 09:11:42.769 [main] INFO  c.n.c.sources.URLConfigurationSource
				-To enable URLs as dynamic configuration sources, define System property archaius.configurationSource.additionalUrls or make config.properties available on classpath.
2019-08-18 09:11:42.785 [main] INFO  c.n.config.DynamicPropertyFactory
				-DynamicPropertyFactory is initialized with configuration sources: com.netflix.config.ConcurrentCompositeConfiguration@69d23296
2019-08-18 09:11:43.316 [main] WARN  o.s.s.o.p.t.s.JwtAccessTokenConverter
				-Unable to create an RSA verifier from verifierKey (ignoreable if using MAC)
2019-08-18 09:11:43.420 [main] WARN  c.n.c.sources.URLConfigurationSource
				-No URLs will be polled as dynamic configuration sources.
2019-08-18 09:11:43.420 [main] INFO  c.n.c.sources.URLConfigurationSource
				-To enable URLs as dynamic configuration sources, define System property archaius.configurationSource.additionalUrls or make config.properties available on classpath.
2019-08-18 09:11:43.514 [main] INFO  o.s.s.c.ThreadPoolTaskExecutor
				-Initializing ExecutorService 'applicationTaskExecutor'
2019-08-18 09:11:43.873 [main] INFO  o.s.s.web.DefaultSecurityFilterChain
				-Creating filter chain: OrRequestMatcher [requestMatchers=[Ant [pattern='/oauth/token'], Ant [pattern='/oauth/token_key'], Ant [pattern='/oauth/check_token']]], [org.springframework.security.web.context.request.async.WebAsyncManagerIntegrationFilter@565aa4ac, org.springframework.security.web.context.SecurityContextPersistenceFilter@20d19f2c, org.springframework.security.web.header.HeaderWriterFilter@24dd44f9, org.springframework.security.web.authentication.logout.LogoutFilter@33a8c9c9, org.springframework.security.web.authentication.www.BasicAuthenticationFilter@6f6cc7da, org.springframework.security.web.savedrequest.RequestCacheAwareFilter@77b5148c, org.springframework.security.web.servletapi.SecurityContextHolderAwareRequestFilter@4b88ca8e, org.springframework.security.web.authentication.AnonymousAuthenticationFilter@587c5c1, org.springframework.security.web.session.SessionManagementFilter@4f1fb828, org.springframework.security.web.access.ExceptionTranslationFilter@63f40ca0, org.springframework.security.web.access.intercept.FilterSecurityInterceptor@798cb6d9]
2019-08-18 09:11:43.889 [main] INFO  o.s.s.web.DefaultSecurityFilterChain
				-Creating filter chain: any request, [org.springframework.security.web.context.request.async.WebAsyncManagerIntegrationFilter@44e4cb76, org.springframework.security.web.context.SecurityContextPersistenceFilter@46a795de, org.springframework.security.web.header.HeaderWriterFilter@5e1a986c, org.springframework.security.web.csrf.CsrfFilter@44aa2e13, org.springframework.security.web.authentication.logout.LogoutFilter@31834a2b, org.springframework.security.web.authentication.UsernamePasswordAuthenticationFilter@7418d76e, org.springframework.security.web.authentication.ui.DefaultLoginPageGeneratingFilter@4bf03fee, org.springframework.security.web.authentication.ui.DefaultLogoutPageGeneratingFilter@51cab489, org.springframework.security.web.authentication.www.BasicAuthenticationFilter@7675c171, org.springframework.security.web.savedrequest.RequestCacheAwareFilter@256a0d95, org.springframework.security.web.servletapi.SecurityContextHolderAwareRequestFilter@2f3928ac, org.springframework.security.web.authentication.AnonymousAuthenticationFilter@2f9a10df, org.springframework.security.web.session.SessionManagementFilter@4b55ff0a, org.springframework.security.web.access.ExceptionTranslationFilter@3a1b36a1, org.springframework.security.web.access.intercept.FilterSecurityInterceptor@43d65a81]
2019-08-18 09:11:43.936 [main] INFO  o.s.b.a.e.web.EndpointLinksResolver
				-Exposing 2 endpoint(s) beneath base path '/actuator'
2019-08-18 09:11:44.217 [main] INFO  o.s.c.n.eureka.InstanceInfoFactory
				-Setting initial instance status as: STARTING
2019-08-18 09:11:44.248 [main] INFO  c.netflix.discovery.DiscoveryClient
				-Initializing Eureka in region us-east-1
2019-08-18 09:11:44.493 [main] INFO  c.n.d.p.DiscoveryJerseyProvider
				-Using JSON encoding codec LegacyJacksonJson
2019-08-18 09:11:44.493 [main] INFO  c.n.d.p.DiscoveryJerseyProvider
				-Using JSON decoding codec LegacyJacksonJson
2019-08-18 09:11:44.589 [main] INFO  c.n.d.p.DiscoveryJerseyProvider
				-Using XML encoding codec XStreamXml
2019-08-18 09:11:44.589 [main] INFO  c.n.d.p.DiscoveryJerseyProvider
				-Using XML decoding codec XStreamXml
2019-08-18 09:11:44.714 [main] INFO  c.n.d.s.r.aws.ConfigClusterResolver
				-Resolving eureka endpoints via configuration
2019-08-18 09:11:44.823 [main] INFO  c.netflix.discovery.DiscoveryClient
				-Disable delta property : false
2019-08-18 09:11:44.823 [main] INFO  c.netflix.discovery.DiscoveryClient
				-Single vip registry refresh property : null
2019-08-18 09:11:44.823 [main] INFO  c.netflix.discovery.DiscoveryClient
				-Force full registry fetch : false
2019-08-18 09:11:44.823 [main] INFO  c.netflix.discovery.DiscoveryClient
				-Application is null : false
2019-08-18 09:11:44.823 [main] INFO  c.netflix.discovery.DiscoveryClient
				-Registered Applications size is zero : true
2019-08-18 09:11:44.823 [main] INFO  c.netflix.discovery.DiscoveryClient
				-Application version is -1: true
2019-08-18 09:11:44.823 [main] INFO  c.netflix.discovery.DiscoveryClient
				-Getting all instance registry info from the eureka server
2019-08-18 09:11:45.026 [main] INFO  c.netflix.discovery.DiscoveryClient
				-The response status is 200
2019-08-18 09:11:45.026 [main] INFO  c.netflix.discovery.DiscoveryClient
				-Starting heartbeat executor: renew interval is: 30
2019-08-18 09:11:45.026 [main] INFO  c.n.discovery.InstanceInfoReplicator
				-InstanceInfoReplicator onDemand update allowed rate per min is 4
2019-08-18 09:11:45.026 [main] INFO  c.netflix.discovery.DiscoveryClient
				-Discovery Client initialized at timestamp 1566090705026 with initial instances count: 4
2019-08-18 09:11:45.026 [main] INFO  o.s.c.n.e.s.EurekaServiceRegistry
				-Registering application AUTH-SERVER with eureka with status UP
2019-08-18 09:11:45.026 [main] INFO  c.netflix.discovery.DiscoveryClient
				-Saw local status change event StatusChangeEvent [timestamp=1566090705026, current=UP, previous=STARTING]
2019-08-18 09:11:45.026 [DiscoveryClient-InstanceInfoReplicator-0] INFO  c.netflix.discovery.DiscoveryClient
				-DiscoveryClient_AUTH-SERVER/192.168.56.1:auth-server:7777: registering service...
2019-08-18 09:11:45.042 [main] INFO  o.a.coyote.http11.Http11NioProtocol
				-Starting ProtocolHandler ["http-nio-7777"]
2019-08-18 09:11:45.057 [main] INFO  o.s.b.w.e.tomcat.TomcatWebServer
				-Tomcat started on port(s): 7777 (http) with context path '/uaa'
2019-08-18 09:11:45.073 [main] INFO  o.s.c.n.e.s.EurekaAutoServiceRegistration
				-Updating port to 7777
2019-08-18 09:11:45.073 [main] INFO  c.r.c.CloverAuthServiceApplication
				-Started CloverAuthServiceApplication in 4.632 seconds (JVM running for 5.057)
2019-08-18 09:11:45.073 [DiscoveryClient-InstanceInfoReplicator-0] INFO  c.netflix.discovery.DiscoveryClient
				-DiscoveryClient_AUTH-SERVER/192.168.56.1:auth-server:7777 - registration status: 204
2019-08-18 09:12:29.303 [http-nio-7777-exec-1] INFO  o.a.c.c.C.[.[localhost].[/uaa]
				-Initializing Spring DispatcherServlet 'dispatcherServlet'
2019-08-18 09:12:29.315 [http-nio-7777-exec-1] INFO  o.s.web.servlet.DispatcherServlet
				-Initializing Servlet 'dispatcherServlet'
2019-08-18 09:12:29.317 [http-nio-7777-exec-1] INFO  o.s.web.servlet.DispatcherServlet
				-Completed initialization in 2 ms
2019-08-18 09:12:44.948 [http-nio-7777-exec-5] INFO  o.s.s.o.p.e.AuthorizationEndpoint
				-Handling ClientRegistrationException error: No client with requested id: zuul_server
2019-08-18 09:13:25.910 [http-nio-7777-exec-2] INFO  o.s.s.o.p.e.AuthorizationEndpoint
				-Handling ClientRegistrationException error: No client with requested id: zuul_server
2019-08-18 09:14:12.648 [main] INFO  o.s.c.s.PostProcessorRegistrationDelegate$BeanPostProcessorChecker
				-Bean 'org.springframework.cloud.autoconfigure.ConfigurationPropertiesRebinderAutoConfiguration' of type [org.springframework.cloud.autoconfigure.ConfigurationPropertiesRebinderAutoConfiguration$$EnhancerBySpringCGLIB$$286779dd] is not eligible for getting processed by all BeanPostProcessors (for example: not eligible for auto-proxying)
2019-08-18 09:14:12.868 [main] INFO  c.r.c.CloverAuthServiceApplication
				-No active profile set, falling back to default profiles: default
2019-08-18 09:14:13.430 [main] WARN  o.s.boot.actuate.endpoint.EndpointId
				-Endpoint ID 'service-registry' contains invalid characters, please migrate to a valid format.
2019-08-18 09:14:13.571 [main] INFO  o.s.cloud.context.scope.GenericScope
				-BeanFactory id=f4589a41-066b-32c8-a25f-ec97ded2a477
2019-08-18 09:14:13.649 [main] INFO  o.s.c.s.PostProcessorRegistrationDelegate$BeanPostProcessorChecker
				-Bean 'org.springframework.cloud.autoconfigure.ConfigurationPropertiesRebinderAutoConfiguration' of type [org.springframework.cloud.autoconfigure.ConfigurationPropertiesRebinderAutoConfiguration$$EnhancerBySpringCGLIB$$286779dd] is not eligible for getting processed by all BeanPostProcessors (for example: not eligible for auto-proxying)
2019-08-18 09:14:13.993 [main] INFO  o.s.b.w.e.tomcat.TomcatWebServer
				-Tomcat initialized with port(s): 7777 (http)
2019-08-18 09:14:14.008 [main] INFO  o.a.coyote.http11.Http11NioProtocol
				-Initializing ProtocolHandler ["http-nio-7777"]
2019-08-18 09:14:14.008 [main] INFO  o.a.catalina.core.StandardService
				-Starting service [Tomcat]
2019-08-18 09:14:14.008 [main] INFO  o.a.catalina.core.StandardEngine
				-Starting Servlet engine: [Apache Tomcat/9.0.22]
2019-08-18 09:14:14.149 [main] INFO  o.a.c.c.C.[.[localhost].[/uaa]
				-Initializing Spring embedded WebApplicationContext
2019-08-18 09:14:14.149 [main] INFO  o.s.web.context.ContextLoader
				-Root WebApplicationContext: initialization completed in 1266 ms
2019-08-18 09:14:14.227 [main] WARN  c.n.c.sources.URLConfigurationSource
				-No URLs will be polled as dynamic configuration sources.
2019-08-18 09:14:14.227 [main] INFO  c.n.c.sources.URLConfigurationSource
				-To enable URLs as dynamic configuration sources, define System property archaius.configurationSource.additionalUrls or make config.properties available on classpath.
2019-08-18 09:14:14.243 [main] INFO  c.n.config.DynamicPropertyFactory
				-DynamicPropertyFactory is initialized with configuration sources: com.netflix.config.ConcurrentCompositeConfiguration@5875de6a
2019-08-18 09:14:14.774 [main] WARN  o.s.s.o.p.t.s.JwtAccessTokenConverter
				-Unable to create an RSA verifier from verifierKey (ignoreable if using MAC)
2019-08-18 09:14:14.831 [main] WARN  c.n.c.sources.URLConfigurationSource
				-No URLs will be polled as dynamic configuration sources.
2019-08-18 09:14:14.847 [main] INFO  c.n.c.sources.URLConfigurationSource
				-To enable URLs as dynamic configuration sources, define System property archaius.configurationSource.additionalUrls or make config.properties available on classpath.
2019-08-18 09:14:14.956 [main] INFO  o.s.s.c.ThreadPoolTaskExecutor
				-Initializing ExecutorService 'applicationTaskExecutor'
2019-08-18 09:14:15.334 [main] INFO  o.s.s.web.DefaultSecurityFilterChain
				-Creating filter chain: OrRequestMatcher [requestMatchers=[Ant [pattern='/oauth/token'], Ant [pattern='/oauth/token_key'], Ant [pattern='/oauth/check_token']]], [org.springframework.security.web.context.request.async.WebAsyncManagerIntegrationFilter@644a3add, org.springframework.security.web.context.SecurityContextPersistenceFilter@553d2579, org.springframework.security.web.header.HeaderWriterFilter@6371cf2f, org.springframework.security.web.authentication.logout.LogoutFilter@59096b66, org.springframework.security.web.authentication.www.BasicAuthenticationFilter@377949f1, org.springframework.security.web.savedrequest.RequestCacheAwareFilter@1ac730cd, org.springframework.security.web.servletapi.SecurityContextHolderAwareRequestFilter@2f054f70, org.springframework.security.web.authentication.AnonymousAuthenticationFilter@4b765e92, org.springframework.security.web.session.SessionManagementFilter@52b959df, org.springframework.security.web.access.ExceptionTranslationFilter@3b7c58e7, org.springframework.security.web.access.intercept.FilterSecurityInterceptor@6b37df8e]
2019-08-18 09:14:15.334 [main] INFO  o.s.s.web.DefaultSecurityFilterChain
				-Creating filter chain: any request, [org.springframework.security.web.context.request.async.WebAsyncManagerIntegrationFilter@613f7eb7, org.springframework.security.web.context.SecurityContextPersistenceFilter@3375ebd3, org.springframework.security.web.header.HeaderWriterFilter@415795f3, org.springframework.security.web.csrf.CsrfFilter@2199e845, org.springframework.security.web.authentication.logout.LogoutFilter@5e50df2e, org.springframework.security.web.authentication.UsernamePasswordAuthenticationFilter@40717ed, org.springframework.security.web.authentication.ui.DefaultLoginPageGeneratingFilter@42679fc2, org.springframework.security.web.authentication.ui.DefaultLogoutPageGeneratingFilter@565aa4ac, org.springframework.security.web.authentication.www.BasicAuthenticationFilter@5dbbb292, org.springframework.security.web.savedrequest.RequestCacheAwareFilter@40943a6, org.springframework.security.web.servletapi.SecurityContextHolderAwareRequestFilter@798cb6d9, org.springframework.security.web.authentication.AnonymousAuthenticationFilter@587c5c1, org.springframework.security.web.session.SessionManagementFilter@2fe2965c, org.springframework.security.web.access.ExceptionTranslationFilter@37e0056e, org.springframework.security.web.access.intercept.FilterSecurityInterceptor@2abafa97]
2019-08-18 09:14:15.396 [main] INFO  o.s.b.a.e.web.EndpointLinksResolver
				-Exposing 2 endpoint(s) beneath base path '/actuator'
2019-08-18 09:14:15.693 [main] INFO  o.s.c.n.eureka.InstanceInfoFactory
				-Setting initial instance status as: STARTING
2019-08-18 09:14:15.724 [main] INFO  c.netflix.discovery.DiscoveryClient
				-Initializing Eureka in region us-east-1
2019-08-18 09:14:15.974 [main] INFO  c.n.d.p.DiscoveryJerseyProvider
				-Using JSON encoding codec LegacyJacksonJson
2019-08-18 09:14:15.974 [main] INFO  c.n.d.p.DiscoveryJerseyProvider
				-Using JSON decoding codec LegacyJacksonJson
2019-08-18 09:14:16.077 [main] INFO  c.n.d.p.DiscoveryJerseyProvider
				-Using XML encoding codec XStreamXml
2019-08-18 09:14:16.077 [main] INFO  c.n.d.p.DiscoveryJerseyProvider
				-Using XML decoding codec XStreamXml
2019-08-18 09:14:16.202 [main] INFO  c.n.d.s.r.aws.ConfigClusterResolver
				-Resolving eureka endpoints via configuration
2019-08-18 09:14:16.311 [main] INFO  c.netflix.discovery.DiscoveryClient
				-Disable delta property : false
2019-08-18 09:14:16.311 [main] INFO  c.netflix.discovery.DiscoveryClient
				-Single vip registry refresh property : null
2019-08-18 09:14:16.311 [main] INFO  c.netflix.discovery.DiscoveryClient
				-Force full registry fetch : false
2019-08-18 09:14:16.311 [main] INFO  c.netflix.discovery.DiscoveryClient
				-Application is null : false
2019-08-18 09:14:16.311 [main] INFO  c.netflix.discovery.DiscoveryClient
				-Registered Applications size is zero : true
2019-08-18 09:14:16.311 [main] INFO  c.netflix.discovery.DiscoveryClient
				-Application version is -1: true
2019-08-18 09:14:16.311 [main] INFO  c.netflix.discovery.DiscoveryClient
				-Getting all instance registry info from the eureka server
2019-08-18 09:14:16.514 [main] INFO  c.netflix.discovery.DiscoveryClient
				-The response status is 200
2019-08-18 09:14:16.514 [main] INFO  c.netflix.discovery.DiscoveryClient
				-Starting heartbeat executor: renew interval is: 30
2019-08-18 09:14:16.514 [main] INFO  c.n.discovery.InstanceInfoReplicator
				-InstanceInfoReplicator onDemand update allowed rate per min is 4
2019-08-18 09:14:16.514 [main] INFO  c.netflix.discovery.DiscoveryClient
				-Discovery Client initialized at timestamp 1566090856514 with initial instances count: 4
2019-08-18 09:14:16.514 [main] INFO  o.s.c.n.e.s.EurekaServiceRegistry
				-Registering application AUTH-SERVER with eureka with status UP
2019-08-18 09:14:16.514 [main] INFO  c.netflix.discovery.DiscoveryClient
				-Saw local status change event StatusChangeEvent [timestamp=1566090856514, current=UP, previous=STARTING]
2019-08-18 09:14:16.514 [DiscoveryClient-InstanceInfoReplicator-0] INFO  c.netflix.discovery.DiscoveryClient
				-DiscoveryClient_AUTH-SERVER/192.168.56.1:auth-server:7777: registering service...
2019-08-18 09:14:16.530 [main] INFO  o.a.coyote.http11.Http11NioProtocol
				-Starting ProtocolHandler ["http-nio-7777"]
2019-08-18 09:14:16.545 [main] INFO  o.s.b.w.e.tomcat.TomcatWebServer
				-Tomcat started on port(s): 7777 (http) with context path '/uaa'
2019-08-18 09:14:16.545 [main] INFO  o.s.c.n.e.s.EurekaAutoServiceRegistration
				-Updating port to 7777
2019-08-18 09:14:16.561 [main] INFO  c.r.c.CloverAuthServiceApplication
				-Started CloverAuthServiceApplication in 4.553 seconds (JVM running for 4.973)
2019-08-18 09:14:16.561 [DiscoveryClient-InstanceInfoReplicator-0] INFO  c.netflix.discovery.DiscoveryClient
				-DiscoveryClient_AUTH-SERVER/192.168.56.1:auth-server:7777 - registration status: 204
2019-08-18 09:14:43.394 [http-nio-7777-exec-1] INFO  o.a.c.c.C.[.[localhost].[/uaa]
				-Initializing Spring DispatcherServlet 'dispatcherServlet'
2019-08-18 09:14:43.394 [http-nio-7777-exec-1] INFO  o.s.web.servlet.DispatcherServlet
				-Initializing Servlet 'dispatcherServlet'
2019-08-18 09:14:43.402 [http-nio-7777-exec-1] INFO  o.s.web.servlet.DispatcherServlet
				-Completed initialization in 7 ms
2019-08-18 09:15:23.138 [http-nio-7777-exec-4] INFO  o.s.s.o.p.e.AuthorizationEndpoint
				-Handling OAuth2 error: error="invalid_request", error_description="At least one redirect_uri must be registered with the client."
2019-08-18 09:15:40.483 [http-nio-7777-exec-2] INFO  o.s.s.o.p.e.AuthorizationEndpoint
				-Handling OAuth2 error: error="invalid_request", error_description="At least one redirect_uri must be registered with the client."
2019-08-18 09:15:41.025 [http-nio-7777-exec-7] INFO  o.s.s.o.p.e.AuthorizationEndpoint
				-Handling OAuth2 error: error="invalid_request", error_description="At least one redirect_uri must be registered with the client."
2019-08-18 09:16:12.813 [http-nio-7777-exec-8] INFO  o.s.s.o.p.e.AuthorizationEndpoint
				-Handling OAuth2 error: error="invalid_request", error_description="At least one redirect_uri must be registered with the client."
2019-08-18 09:16:29.847 [http-nio-7777-exec-6] INFO  o.s.s.o.p.e.AuthorizationEndpoint
				-Handling OAuth2 error: error="invalid_request", error_description="At least one redirect_uri must be registered with the client."
2019-08-18 09:16:59.989 [http-nio-7777-exec-9] INFO  o.s.s.o.p.e.AuthorizationEndpoint
				-Handling OAuth2 error: error="invalid_request", error_description="At least one redirect_uri must be registered with the client."
2019-08-18 09:19:16.315 [AsyncResolver-bootstrap-executor-0] INFO  c.n.d.s.r.aws.ConfigClusterResolver
				-Resolving eureka endpoints via configuration
2019-08-18 09:24:16.331 [AsyncResolver-bootstrap-executor-0] INFO  c.n.d.s.r.aws.ConfigClusterResolver
				-Resolving eureka endpoints via configuration
2019-08-18 09:29:16.332 [AsyncResolver-bootstrap-executor-0] INFO  c.n.d.s.r.aws.ConfigClusterResolver
				-Resolving eureka endpoints via configuration
2019-08-18 09:34:05.699 [main] INFO  o.s.c.s.PostProcessorRegistrationDelegate$BeanPostProcessorChecker
				-Bean 'org.springframework.cloud.autoconfigure.ConfigurationPropertiesRebinderAutoConfiguration' of type [org.springframework.cloud.autoconfigure.ConfigurationPropertiesRebinderAutoConfiguration$$EnhancerBySpringCGLIB$$521f90cc] is not eligible for getting processed by all BeanPostProcessors (for example: not eligible for auto-proxying)
2019-08-18 09:34:05.928 [main] INFO  c.r.c.CloverAuthServiceApplication
				-No active profile set, falling back to default profiles: default
2019-08-18 09:34:06.529 [main] WARN  o.s.boot.actuate.endpoint.EndpointId
				-Endpoint ID 'service-registry' contains invalid characters, please migrate to a valid format.
2019-08-18 09:34:06.688 [main] INFO  o.s.cloud.context.scope.GenericScope
				-BeanFactory id=f4589a41-066b-32c8-a25f-ec97ded2a477
2019-08-18 09:34:06.770 [main] INFO  o.s.c.s.PostProcessorRegistrationDelegate$BeanPostProcessorChecker
				-Bean 'org.springframework.cloud.autoconfigure.ConfigurationPropertiesRebinderAutoConfiguration' of type [org.springframework.cloud.autoconfigure.ConfigurationPropertiesRebinderAutoConfiguration$$EnhancerBySpringCGLIB$$521f90cc] is not eligible for getting processed by all BeanPostProcessors (for example: not eligible for auto-proxying)
2019-08-18 09:34:07.115 [main] INFO  o.s.b.w.e.tomcat.TomcatWebServer
				-Tomcat initialized with port(s): 7777 (http)
2019-08-18 09:34:07.127 [main] INFO  o.a.coyote.http11.Http11NioProtocol
				-Initializing ProtocolHandler ["http-nio-7777"]
2019-08-18 09:34:07.135 [main] INFO  o.a.catalina.core.StandardService
				-Starting service [Tomcat]
2019-08-18 09:34:07.135 [main] INFO  o.a.catalina.core.StandardEngine
				-Starting Servlet engine: [Apache Tomcat/9.0.22]
2019-08-18 09:34:07.263 [main] INFO  o.a.c.c.C.[.[localhost].[/uaa]
				-Initializing Spring embedded WebApplicationContext
2019-08-18 09:34:07.264 [main] INFO  o.s.web.context.ContextLoader
				-Root WebApplicationContext: initialization completed in 1326 ms
2019-08-18 09:34:07.343 [main] WARN  c.n.c.sources.URLConfigurationSource
				-No URLs will be polled as dynamic configuration sources.
2019-08-18 09:34:07.343 [main] INFO  c.n.c.sources.URLConfigurationSource
				-To enable URLs as dynamic configuration sources, define System property archaius.configurationSource.additionalUrls or make config.properties available on classpath.
2019-08-18 09:34:07.354 [main] INFO  c.n.config.DynamicPropertyFactory
				-DynamicPropertyFactory is initialized with configuration sources: com.netflix.config.ConcurrentCompositeConfiguration@22ebccb9
2019-08-18 09:34:07.898 [main] WARN  o.s.s.o.p.t.s.JwtAccessTokenConverter
				-Unable to create an RSA verifier from verifierKey (ignoreable if using MAC)
2019-08-18 09:34:07.964 [main] WARN  c.n.c.sources.URLConfigurationSource
				-No URLs will be polled as dynamic configuration sources.
2019-08-18 09:34:07.965 [main] INFO  c.n.c.sources.URLConfigurationSource
				-To enable URLs as dynamic configuration sources, define System property archaius.configurationSource.additionalUrls or make config.properties available on classpath.
2019-08-18 09:34:08.070 [main] INFO  o.s.s.c.ThreadPoolTaskExecutor
				-Initializing ExecutorService 'applicationTaskExecutor'
2019-08-18 09:34:08.526 [main] INFO  o.s.s.web.DefaultSecurityFilterChain
				-Creating filter chain: OrRequestMatcher [requestMatchers=[Ant [pattern='/oauth/token'], Ant [pattern='/oauth/token_key'], Ant [pattern='/oauth/check_token']]], [org.springframework.security.web.context.request.async.WebAsyncManagerIntegrationFilter@7f0a133d, org.springframework.security.web.context.SecurityContextPersistenceFilter@b5b9333, org.springframework.security.web.header.HeaderWriterFilter@64518270, org.springframework.security.web.authentication.logout.LogoutFilter@7ab802f4, org.springframework.security.web.authentication.www.BasicAuthenticationFilter@a1691c0, org.springframework.security.web.savedrequest.RequestCacheAwareFilter@38588dea, org.springframework.security.web.servletapi.SecurityContextHolderAwareRequestFilter@3c9ef6e9, org.springframework.security.web.authentication.AnonymousAuthenticationFilter@241fbec, org.springframework.security.web.session.SessionManagementFilter@79627d27, org.springframework.security.web.access.ExceptionTranslationFilter@35eee641, org.springframework.security.web.access.intercept.FilterSecurityInterceptor@677ce519]
2019-08-18 09:34:08.531 [main] INFO  o.s.s.web.DefaultSecurityFilterChain
				-Creating filter chain: any request, [org.springframework.security.web.context.request.async.WebAsyncManagerIntegrationFilter@29f3c438, org.springframework.security.web.context.SecurityContextPersistenceFilter@37e0056e, org.springframework.security.web.header.HeaderWriterFilter@2199e845, org.springframework.security.web.csrf.CsrfFilter@1ef31f71, org.springframework.security.web.authentication.logout.LogoutFilter@40943a6, org.springframework.security.web.authentication.UsernamePasswordAuthenticationFilter@724bf25f, org.springframework.security.web.authentication.ui.DefaultLoginPageGeneratingFilter@3375ebd3, org.springframework.security.web.authentication.ui.DefaultLogoutPageGeneratingFilter@5460edd3, org.springframework.security.web.authentication.www.BasicAuthenticationFilter@40717ed, org.springframework.security.web.savedrequest.RequestCacheAwareFilter@415795f3, org.springframework.security.web.servletapi.SecurityContextHolderAwareRequestFilter@2fe2965c, org.springframework.security.web.authentication.AnonymousAuthenticationFilter@5dbbb292, org.springframework.security.web.session.SessionManagementFilter@27976390, org.springframework.security.web.access.ExceptionTranslationFilter@35787726, org.springframework.security.web.access.intercept.FilterSecurityInterceptor@100aa331]
2019-08-18 09:34:08.589 [main] INFO  o.s.b.a.e.web.EndpointLinksResolver
				-Exposing 2 endpoint(s) beneath base path '/actuator'
2019-08-18 09:34:08.901 [main] INFO  o.s.c.n.eureka.InstanceInfoFactory
				-Setting initial instance status as: STARTING
2019-08-18 09:34:08.935 [main] INFO  c.netflix.discovery.DiscoveryClient
				-Initializing Eureka in region us-east-1
2019-08-18 09:34:09.196 [main] INFO  c.n.d.p.DiscoveryJerseyProvider
				-Using JSON encoding codec LegacyJacksonJson
2019-08-18 09:34:09.196 [main] INFO  c.n.d.p.DiscoveryJerseyProvider
				-Using JSON decoding codec LegacyJacksonJson
2019-08-18 09:34:09.305 [main] INFO  c.n.d.p.DiscoveryJerseyProvider
				-Using XML encoding codec XStreamXml
2019-08-18 09:34:09.305 [main] INFO  c.n.d.p.DiscoveryJerseyProvider
				-Using XML decoding codec XStreamXml
2019-08-18 09:34:09.433 [main] INFO  c.n.d.s.r.aws.ConfigClusterResolver
				-Resolving eureka endpoints via configuration
2019-08-18 09:34:09.554 [main] INFO  c.netflix.discovery.DiscoveryClient
				-Disable delta property : false
2019-08-18 09:34:09.554 [main] INFO  c.netflix.discovery.DiscoveryClient
				-Single vip registry refresh property : null
2019-08-18 09:34:09.554 [main] INFO  c.netflix.discovery.DiscoveryClient
				-Force full registry fetch : false
2019-08-18 09:34:09.554 [main] INFO  c.netflix.discovery.DiscoveryClient
				-Application is null : false
2019-08-18 09:34:09.554 [main] INFO  c.netflix.discovery.DiscoveryClient
				-Registered Applications size is zero : true
2019-08-18 09:34:09.554 [main] INFO  c.netflix.discovery.DiscoveryClient
				-Application version is -1: true
2019-08-18 09:34:09.554 [main] INFO  c.netflix.discovery.DiscoveryClient
				-Getting all instance registry info from the eureka server
2019-08-18 09:34:09.768 [main] INFO  c.netflix.discovery.DiscoveryClient
				-The response status is 200
2019-08-18 09:34:09.770 [main] INFO  c.netflix.discovery.DiscoveryClient
				-Starting heartbeat executor: renew interval is: 30
2019-08-18 09:34:09.772 [main] INFO  c.n.discovery.InstanceInfoReplicator
				-InstanceInfoReplicator onDemand update allowed rate per min is 4
2019-08-18 09:34:09.774 [main] INFO  c.netflix.discovery.DiscoveryClient
				-Discovery Client initialized at timestamp 1566092049773 with initial instances count: 4
2019-08-18 09:34:09.775 [main] INFO  o.s.c.n.e.s.EurekaServiceRegistry
				-Registering application AUTH-SERVER with eureka with status UP
2019-08-18 09:34:09.775 [main] INFO  c.netflix.discovery.DiscoveryClient
				-Saw local status change event StatusChangeEvent [timestamp=1566092049775, current=UP, previous=STARTING]
2019-08-18 09:34:09.777 [DiscoveryClient-InstanceInfoReplicator-0] INFO  c.netflix.discovery.DiscoveryClient
				-DiscoveryClient_AUTH-SERVER/192.168.56.1:auth-server:7777: registering service...
2019-08-18 09:34:09.794 [main] INFO  o.a.coyote.http11.Http11NioProtocol
				-Starting ProtocolHandler ["http-nio-7777"]
2019-08-18 09:34:09.808 [DiscoveryClient-InstanceInfoReplicator-0] INFO  c.netflix.discovery.DiscoveryClient
				-DiscoveryClient_AUTH-SERVER/192.168.56.1:auth-server:7777 - registration status: 204
2019-08-18 09:34:09.814 [main] INFO  o.s.b.w.e.tomcat.TomcatWebServer
				-Tomcat started on port(s): 7777 (http) with context path '/uaa'
2019-08-18 09:34:09.815 [main] INFO  o.s.c.n.e.s.EurekaAutoServiceRegistration
				-Updating port to 7777
2019-08-18 09:34:09.816 [main] INFO  c.r.c.CloverAuthServiceApplication
				-Started CloverAuthServiceApplication in 4.805 seconds (JVM running for 5.254)
2019-08-18 09:34:20.329 [http-nio-7777-exec-1] INFO  o.a.c.c.C.[.[localhost].[/uaa]
				-Initializing Spring DispatcherServlet 'dispatcherServlet'
2019-08-18 09:34:20.329 [http-nio-7777-exec-1] INFO  o.s.web.servlet.DispatcherServlet
				-Initializing Servlet 'dispatcherServlet'
2019-08-18 09:34:20.334 [http-nio-7777-exec-1] INFO  o.s.web.servlet.DispatcherServlet
				-Completed initialization in 5 ms
2019-08-18 09:34:48.009 [http-nio-7777-exec-6] INFO  o.s.s.o.p.e.AuthorizationEndpoint
				-Handling OAuth2 error: error="invalid_grant", error_description="Invalid redirect: http://localhost:8867/login does not match one of the registered values."
2019-08-18 09:35:14.794 [http-nio-7777-exec-8] INFO  o.s.s.o.p.e.AuthorizationEndpoint
				-Handling OAuth2 error: error="invalid_grant", error_description="Invalid redirect: http://localhost:8867/login does not match one of the registered values."
2019-08-18 09:39:09.564 [AsyncResolver-bootstrap-executor-0] INFO  c.n.d.s.r.aws.ConfigClusterResolver
				-Resolving eureka endpoints via configuration
2019-08-18 09:44:42.829 [main] INFO  o.s.c.s.PostProcessorRegistrationDelegate$BeanPostProcessorChecker
				-Bean 'org.springframework.cloud.autoconfigure.ConfigurationPropertiesRebinderAutoConfiguration' of type [org.springframework.cloud.autoconfigure.ConfigurationPropertiesRebinderAutoConfiguration$$EnhancerBySpringCGLIB$$30dbaa8b] is not eligible for getting processed by all BeanPostProcessors (for example: not eligible for auto-proxying)
2019-08-18 09:44:43.056 [main] INFO  c.r.c.CloverAuthServiceApplication
				-No active profile set, falling back to default profiles: default
2019-08-18 09:44:43.594 [main] WARN  o.s.boot.actuate.endpoint.EndpointId
				-Endpoint ID 'service-registry' contains invalid characters, please migrate to a valid format.
2019-08-18 09:44:43.751 [main] INFO  o.s.cloud.context.scope.GenericScope
				-BeanFactory id=f4589a41-066b-32c8-a25f-ec97ded2a477
2019-08-18 09:44:43.844 [main] INFO  o.s.c.s.PostProcessorRegistrationDelegate$BeanPostProcessorChecker
				-Bean 'org.springframework.cloud.autoconfigure.ConfigurationPropertiesRebinderAutoConfiguration' of type [org.springframework.cloud.autoconfigure.ConfigurationPropertiesRebinderAutoConfiguration$$EnhancerBySpringCGLIB$$30dbaa8b] is not eligible for getting processed by all BeanPostProcessors (for example: not eligible for auto-proxying)
2019-08-18 09:44:44.206 [main] INFO  o.s.b.w.e.tomcat.TomcatWebServer
				-Tomcat initialized with port(s): 7777 (http)
2019-08-18 09:44:44.222 [main] INFO  o.a.coyote.http11.Http11NioProtocol
				-Initializing ProtocolHandler ["http-nio-7777"]
2019-08-18 09:44:44.222 [main] INFO  o.a.catalina.core.StandardService
				-Starting service [Tomcat]
2019-08-18 09:44:44.222 [main] INFO  o.a.catalina.core.StandardEngine
				-Starting Servlet engine: [Apache Tomcat/9.0.22]
2019-08-18 09:44:44.363 [main] INFO  o.a.c.c.C.[.[localhost].[/uaa]
				-Initializing Spring embedded WebApplicationContext
2019-08-18 09:44:44.363 [main] INFO  o.s.web.context.ContextLoader
				-Root WebApplicationContext: initialization completed in 1307 ms
2019-08-18 09:44:44.441 [main] WARN  c.n.c.sources.URLConfigurationSource
				-No URLs will be polled as dynamic configuration sources.
2019-08-18 09:44:44.441 [main] INFO  c.n.c.sources.URLConfigurationSource
				-To enable URLs as dynamic configuration sources, define System property archaius.configurationSource.additionalUrls or make config.properties available on classpath.
2019-08-18 09:44:44.468 [main] INFO  c.n.config.DynamicPropertyFactory
				-DynamicPropertyFactory is initialized with configuration sources: com.netflix.config.ConcurrentCompositeConfiguration@43a65cd8
2019-08-18 09:44:45.042 [main] WARN  o.s.s.o.p.t.s.JwtAccessTokenConverter
				-Unable to create an RSA verifier from verifierKey (ignoreable if using MAC)
2019-08-18 09:44:45.101 [main] WARN  c.n.c.sources.URLConfigurationSource
				-No URLs will be polled as dynamic configuration sources.
2019-08-18 09:44:45.101 [main] INFO  c.n.c.sources.URLConfigurationSource
				-To enable URLs as dynamic configuration sources, define System property archaius.configurationSource.additionalUrls or make config.properties available on classpath.
2019-08-18 09:44:45.221 [main] INFO  o.s.s.c.ThreadPoolTaskExecutor
				-Initializing ExecutorService 'applicationTaskExecutor'
2019-08-18 09:44:45.633 [main] INFO  o.s.s.web.DefaultSecurityFilterChain
				-Creating filter chain: OrRequestMatcher [requestMatchers=[Ant [pattern='/oauth/token'], Ant [pattern='/oauth/token_key'], Ant [pattern='/oauth/check_token']]], [org.springframework.security.web.context.request.async.WebAsyncManagerIntegrationFilter@39549f33, org.springframework.security.web.context.SecurityContextPersistenceFilter@1f10fec6, org.springframework.security.web.header.HeaderWriterFilter@6fa02932, org.springframework.security.web.authentication.logout.LogoutFilter@1961d75a, org.springframework.security.web.authentication.www.BasicAuthenticationFilter@26582ca, org.springframework.security.web.savedrequest.RequestCacheAwareFilter@30a7653e, org.springframework.security.web.servletapi.SecurityContextHolderAwareRequestFilter@2415e4c7, org.springframework.security.web.authentication.AnonymousAuthenticationFilter@dbddbe3, org.springframework.security.web.session.SessionManagementFilter@7c46c9c3, org.springframework.security.web.access.ExceptionTranslationFilter@437bd805, org.springframework.security.web.access.intercept.FilterSecurityInterceptor@587c5c1]
2019-08-18 09:44:45.637 [main] INFO  o.s.s.web.DefaultSecurityFilterChain
				-Creating filter chain: any request, [org.springframework.security.web.context.request.async.WebAsyncManagerIntegrationFilter@4b41587d, org.springframework.security.web.context.SecurityContextPersistenceFilter@44e4cb76, org.springframework.security.web.header.HeaderWriterFilter@11ede87f, org.springframework.security.web.csrf.CsrfFilter@9cfc77, org.springframework.security.web.authentication.logout.LogoutFilter@15e1f8fe, org.springframework.security.web.authentication.UsernamePasswordAuthenticationFilter@2dd1086, org.springframework.security.web.authentication.ui.DefaultLoginPageGeneratingFilter@773c2214, org.springframework.security.web.authentication.ui.DefaultLogoutPageGeneratingFilter@4aebee4b, org.springframework.security.web.authentication.www.BasicAuthenticationFilter@217235f5, org.springframework.security.web.savedrequest.RequestCacheAwareFilter@51cab489, org.springframework.security.web.servletapi.SecurityContextHolderAwareRequestFilter@2f9a10df, org.springframework.security.web.authentication.AnonymousAuthenticationFilter@18d47df0, org.springframework.security.web.session.SessionManagementFilter@7675c171, org.springframework.security.web.access.ExceptionTranslationFilter@601eb4af, org.springframework.security.web.access.intercept.FilterSecurityInterceptor@626e0c86]
2019-08-18 09:44:45.698 [main] INFO  o.s.b.a.e.web.EndpointLinksResolver
				-Exposing 2 endpoint(s) beneath base path '/actuator'
2019-08-18 09:44:46.003 [main] INFO  o.s.c.n.eureka.InstanceInfoFactory
				-Setting initial instance status as: STARTING
2019-08-18 09:44:46.035 [main] INFO  c.netflix.discovery.DiscoveryClient
				-Initializing Eureka in region us-east-1
2019-08-18 09:44:46.316 [main] INFO  c.n.d.p.DiscoveryJerseyProvider
				-Using JSON encoding codec LegacyJacksonJson
2019-08-18 09:44:46.316 [main] INFO  c.n.d.p.DiscoveryJerseyProvider
				-Using JSON decoding codec LegacyJacksonJson
2019-08-18 09:44:46.412 [main] INFO  c.n.d.p.DiscoveryJerseyProvider
				-Using XML encoding codec XStreamXml
2019-08-18 09:44:46.412 [main] INFO  c.n.d.p.DiscoveryJerseyProvider
				-Using XML decoding codec XStreamXml
2019-08-18 09:44:46.528 [main] INFO  c.n.d.s.r.aws.ConfigClusterResolver
				-Resolving eureka endpoints via configuration
2019-08-18 09:44:46.659 [main] INFO  c.netflix.discovery.DiscoveryClient
				-Disable delta property : false
2019-08-18 09:44:46.659 [main] INFO  c.netflix.discovery.DiscoveryClient
				-Single vip registry refresh property : null
2019-08-18 09:44:46.659 [main] INFO  c.netflix.discovery.DiscoveryClient
				-Force full registry fetch : false
2019-08-18 09:44:46.659 [main] INFO  c.netflix.discovery.DiscoveryClient
				-Application is null : false
2019-08-18 09:44:46.659 [main] INFO  c.netflix.discovery.DiscoveryClient
				-Registered Applications size is zero : true
2019-08-18 09:44:46.659 [main] INFO  c.netflix.discovery.DiscoveryClient
				-Application version is -1: true
2019-08-18 09:44:46.659 [main] INFO  c.netflix.discovery.DiscoveryClient
				-Getting all instance registry info from the eureka server
2019-08-18 09:44:46.862 [main] INFO  c.netflix.discovery.DiscoveryClient
				-The response status is 200
2019-08-18 09:44:46.862 [main] INFO  c.netflix.discovery.DiscoveryClient
				-Starting heartbeat executor: renew interval is: 30
2019-08-18 09:44:46.862 [main] INFO  c.n.discovery.InstanceInfoReplicator
				-InstanceInfoReplicator onDemand update allowed rate per min is 4
2019-08-18 09:44:46.862 [main] INFO  c.netflix.discovery.DiscoveryClient
				-Discovery Client initialized at timestamp 1566092686862 with initial instances count: 4
2019-08-18 09:44:46.862 [main] INFO  o.s.c.n.e.s.EurekaServiceRegistry
				-Registering application AUTH-SERVER with eureka with status UP
2019-08-18 09:44:46.862 [main] INFO  c.netflix.discovery.DiscoveryClient
				-Saw local status change event StatusChangeEvent [timestamp=1566092686862, current=UP, previous=STARTING]
2019-08-18 09:44:46.878 [DiscoveryClient-InstanceInfoReplicator-0] INFO  c.netflix.discovery.DiscoveryClient
				-DiscoveryClient_AUTH-SERVER/192.168.56.1:auth-server:7777: registering service...
2019-08-18 09:44:46.878 [main] INFO  o.a.coyote.http11.Http11NioProtocol
				-Starting ProtocolHandler ["http-nio-7777"]
2019-08-18 09:44:46.909 [main] INFO  o.s.b.w.e.tomcat.TomcatWebServer
				-Tomcat started on port(s): 7777 (http) with context path '/uaa'
2019-08-18 09:44:46.909 [main] INFO  o.s.c.n.e.s.EurekaAutoServiceRegistration
				-Updating port to 7777
2019-08-18 09:44:46.909 [DiscoveryClient-InstanceInfoReplicator-0] INFO  c.netflix.discovery.DiscoveryClient
				-DiscoveryClient_AUTH-SERVER/192.168.56.1:auth-server:7777 - registration status: 204
2019-08-18 09:44:46.909 [main] INFO  c.r.c.CloverAuthServiceApplication
				-Started CloverAuthServiceApplication in 4.755 seconds (JVM running for 5.177)
2019-08-18 09:44:49.276 [http-nio-7777-exec-1] INFO  o.a.c.c.C.[.[localhost].[/uaa]
				-Initializing Spring DispatcherServlet 'dispatcherServlet'
2019-08-18 09:44:49.276 [http-nio-7777-exec-1] INFO  o.s.web.servlet.DispatcherServlet
				-Initializing Servlet 'dispatcherServlet'
2019-08-18 09:44:49.284 [http-nio-7777-exec-1] INFO  o.s.web.servlet.DispatcherServlet
				-Completed initialization in 8 ms
2019-08-18 09:45:56.918 [http-nio-7777-exec-3] INFO  o.s.s.o.p.e.AuthorizationEndpoint
				-Handling OAuth2 error: error="invalid_request", error_description="At least one redirect_uri must be registered with the client."
2019-08-18 09:49:46.673 [AsyncResolver-bootstrap-executor-0] INFO  c.n.d.s.r.aws.ConfigClusterResolver
				-Resolving eureka endpoints via configuration
2019-08-18 09:54:46.689 [AsyncResolver-bootstrap-executor-0] INFO  c.n.d.s.r.aws.ConfigClusterResolver
				-Resolving eureka endpoints via configuration
2019-08-18 09:59:51.725 [AsyncResolver-bootstrap-executor-0] INFO  c.n.d.s.r.aws.ConfigClusterResolver
				-Resolving eureka endpoints via configuration
2019-08-18 10:04:51.726 [AsyncResolver-bootstrap-executor-0] INFO  c.n.d.s.r.aws.ConfigClusterResolver
				-Resolving eureka endpoints via configuration
2019-08-18 10:09:51.740 [AsyncResolver-bootstrap-executor-0] INFO  c.n.d.s.r.aws.ConfigClusterResolver
				-Resolving eureka endpoints via configuration
2019-08-18 10:14:51.742 [AsyncResolver-bootstrap-executor-0] INFO  c.n.d.s.r.aws.ConfigClusterResolver
				-Resolving eureka endpoints via configuration
2019-08-18 10:19:51.757 [AsyncResolver-bootstrap-executor-0] INFO  c.n.d.s.r.aws.ConfigClusterResolver
				-Resolving eureka endpoints via configuration
2019-08-18 10:24:51.773 [AsyncResolver-bootstrap-executor-0] INFO  c.n.d.s.r.aws.ConfigClusterResolver
				-Resolving eureka endpoints via configuration
